<?xml version="1.0" encoding="UTF-8"?>
<testsuite xmlns:xsi="http://www.w3.org/2001/XMLSchema-instance" xsi:noNamespaceSchemaLocation="https://maven.apache.org/surefire/maven-surefire-plugin/xsd/surefire-test-report.xsd" name="TestSuite" time="347.995" tests="8" errors="0" skipped="0" failures="8">
  <properties>
[...]
</properties>
  <testcase name="allegroFirstTest" classname="project_22_07_2020.shopTests.ShopifyTest" time="40.003">
    <failure message="Expected condition failed: waiting for visibility of Proxy element for: DefaultElementLocator &apos;By.xpath: //i[@title=&apos;usuĹ„ przedmiot&apos;]&apos; (tried for 20 second(s) with 500 milliseconds interval)" type="org.openqa.selenium.TimeoutException">org.openqa.selenium.TimeoutException: Expected condition failed: waiting for visibility of Proxy element for: DefaultElementLocator 'By.xpath: //i[@title='usuĹ„ przedmiot']' (tried for 20 second(s) with 500 milliseconds interval)
	at project_22_07_2020.shopTests.ShopifyTest.allegroFirstTest(ShopifyTest.java:34)
Caused by: org.openqa.selenium.NoSuchElementException: 
no such element: Unable to locate element: {"method":"xpath","selector":"//i[@title='usuĹ„ przedmiot']"}
  (Session info: chrome=83.0.4103.116)
  (Driver info: operadriver=83.0.4103.97 (326d148b9655369b86498d9ecca39f63dd2bdd2d-refs/branch-heads/4103@{#657}),platform=Windows NT 10.0.18362 x86_64) (WARNING: The server did not provide any stacktrace information)
Command duration or timeout: 0 milliseconds
For documentation on this error, please visit: https://www.seleniumhq.org/exceptions/no_such_element.html
Build info: version: '3.141.59', revision: 'e82be7d358', time: '2018-11-14T08:17:03'
System info: host: 'DESKTOP-MJLJMNA', ip: '192.168.0.179', os.name: 'Windows 10', os.arch: 'amd64', os.version: '10.0', java.version: '11.0.6'
Driver info: org.openqa.selenium.opera.OperaDriver
Capabilities {acceptInsecureCerts: false, acceptSslCerts: false, applicationCacheEnabled: false, browserConnectionEnabled: false, browserName: opera, cssSelectorsEnabled: true, databaseEnabled: false, goog:chromeOptions: {debuggerAddress: localhost:55064}, handlesAlerts: true, hasTouchScreen: false, javascriptEnabled: true, locationContextEnabled: true, mobileEmulationEnabled: false, nativeEvents: true, networkConnectionEnabled: false, opera: {operadriverVersion: 83.0.4103.97 (326d148b96553..., userDataDir: C:\Users\wasia\AppData\Loca...}, pageLoadStrategy: normal, platform: WINDOWS, platformName: WINDOWS, proxy: Proxy(), rotatable: false, setWindowRect: true, strictFileInteractability: false, takesHeapSnapshot: true, takesScreenshot: true, timeouts: {implicit: 0, pageLoad: 300000, script: 30000}, unexpectedAlertBehaviour: ignore, unhandledPromptBehavior: ignore, version: 83.0.4103.116, webStorageEnabled: true, webauthn:virtualAuthenticators: true}
Session ID: ef9af7bd17a09840d94129eb855ffdc0
*** Element info: {Using=xpath, value=//i[@title='usuĹ„ przedmiot']}
	at project_22_07_2020.shopTests.ShopifyTest.allegroFirstTest(ShopifyTest.java:34)
</failure>
    <system-out><![CDATA[Page 2 Kalosze Dunlop Ocieplane
Page 4 Kalosze Dunlop Ocieplane
]]></system-out>
    <system-err><![CDATA[Starting OperaDriver 83.0.4103.97 (326d148b9655369b86498d9ecca39f63dd2bdd2d-refs/branch-heads/4103@{#657}) on port 19431
Only local connections are allowed.
Please see https://chromedriver.chromium.org/security-considerations for suggestions on keeping OperaDriver safe.
OperaDriver was started successfully.
lip 22, 2020 3:38:45 PM org.openqa.selenium.remote.ProtocolHandshake createSession
INFO: Detected dialect: OSS
Cleaning up unclosed ZipFile for archive C:\Users\wasia\Desktop\22.07.2020\src\main\resources\excell-data.xlsx
]]></system-err>
  </testcase>
  <testcase name="allegroFirstTest" classname="project_22_07_2020.shopTests.ShopifyTest" time="34.924">
    <failure message="Expected condition failed: waiting for visibility of Proxy element for: DefaultElementLocator &apos;By.xpath: //i[@title=&apos;usuĹ„ przedmiot&apos;]&apos; (tried for 20 second(s) with 500 milliseconds interval)" type="org.openqa.selenium.TimeoutException">org.openqa.selenium.TimeoutException: Expected condition failed: waiting for visibility of Proxy element for: DefaultElementLocator 'By.xpath: //i[@title='usuĹ„ przedmiot']' (tried for 20 second(s) with 500 milliseconds interval)
	at project_22_07_2020.shopTests.ShopifyTest.allegroFirstTest(ShopifyTest.java:34)
Caused by: org.openqa.selenium.NoSuchElementException: 
no such element: Unable to locate element: {"method":"xpath","selector":"//i[@title='usuĹ„ przedmiot']"}
  (Session info: chrome=83.0.4103.116)
  (Driver info: operadriver=83.0.4103.97 (326d148b9655369b86498d9ecca39f63dd2bdd2d-refs/branch-heads/4103@{#657}),platform=Windows NT 10.0.18362 x86_64) (WARNING: The server did not provide any stacktrace information)
Command duration or timeout: 0 milliseconds
For documentation on this error, please visit: https://www.seleniumhq.org/exceptions/no_such_element.html
Build info: version: '3.141.59', revision: 'e82be7d358', time: '2018-11-14T08:17:03'
System info: host: 'DESKTOP-MJLJMNA', ip: '192.168.0.179', os.name: 'Windows 10', os.arch: 'amd64', os.version: '10.0', java.version: '11.0.6'
Driver info: org.openqa.selenium.opera.OperaDriver
Capabilities {acceptInsecureCerts: false, acceptSslCerts: false, applicationCacheEnabled: false, browserConnectionEnabled: false, browserName: opera, cssSelectorsEnabled: true, databaseEnabled: false, goog:chromeOptions: {debuggerAddress: localhost:55166}, handlesAlerts: true, hasTouchScreen: false, javascriptEnabled: true, locationContextEnabled: true, mobileEmulationEnabled: false, nativeEvents: true, networkConnectionEnabled: false, opera: {operadriverVersion: 83.0.4103.97 (326d148b96553..., userDataDir: C:\Users\wasia\AppData\Loca...}, pageLoadStrategy: normal, platform: WINDOWS, platformName: WINDOWS, proxy: Proxy(), rotatable: false, setWindowRect: true, strictFileInteractability: false, takesHeapSnapshot: true, takesScreenshot: true, timeouts: {implicit: 0, pageLoad: 300000, script: 30000}, unexpectedAlertBehaviour: ignore, unhandledPromptBehavior: ignore, version: 83.0.4103.116, webStorageEnabled: true, webauthn:virtualAuthenticators: true}
Session ID: 7b89240cd2fd1898459d629dd227d8c5
*** Element info: {Using=xpath, value=//i[@title='usuĹ„ przedmiot']}
	at project_22_07_2020.shopTests.ShopifyTest.allegroFirstTest(ShopifyTest.java:34)
</failure>
    <system-out><![CDATA[Page 2 L - KOSZULA MĘSKA_KM 331
Page 4 L - KOSZULA MĘSKA_KM 331
]]></system-out>
    <system-err><![CDATA[Starting OperaDriver 83.0.4103.97 (326d148b9655369b86498d9ecca39f63dd2bdd2d-refs/branch-heads/4103@{#657}) on port 33891
Only local connections are allowed.
Please see https://chromedriver.chromium.org/security-considerations for suggestions on keeping OperaDriver safe.
OperaDriver was started successfully.
lip 22, 2020 3:39:29 PM org.openqa.selenium.remote.ProtocolHandshake createSession
INFO: Detected dialect: OSS
]]></system-err>
  </testcase>
  <testcase name="allegroFirstTest" classname="project_22_07_2020.shopTests.ShopifyTest" time="36.032">
    <failure message="Expected condition failed: waiting for visibility of Proxy element for: DefaultElementLocator &apos;By.xpath: //i[@title=&apos;usuĹ„ przedmiot&apos;]&apos; (tried for 20 second(s) with 500 milliseconds interval)" type="org.openqa.selenium.TimeoutException">org.openqa.selenium.TimeoutException: Expected condition failed: waiting for visibility of Proxy element for: DefaultElementLocator 'By.xpath: //i[@title='usuĹ„ przedmiot']' (tried for 20 second(s) with 500 milliseconds interval)
	at project_22_07_2020.shopTests.ShopifyTest.allegroFirstTest(ShopifyTest.java:34)
Caused by: org.openqa.selenium.NoSuchElementException: 
no such element: Unable to locate element: {"method":"xpath","selector":"//i[@title='usuĹ„ przedmiot']"}
  (Session info: chrome=83.0.4103.116)
  (Driver info: operadriver=83.0.4103.97 (326d148b9655369b86498d9ecca39f63dd2bdd2d-refs/branch-heads/4103@{#657}),platform=Windows NT 10.0.18362 x86_64) (WARNING: The server did not provide any stacktrace information)
Command duration or timeout: 0 milliseconds
For documentation on this error, please visit: https://www.seleniumhq.org/exceptions/no_such_element.html
Build info: version: '3.141.59', revision: 'e82be7d358', time: '2018-11-14T08:17:03'
System info: host: 'DESKTOP-MJLJMNA', ip: '192.168.0.179', os.name: 'Windows 10', os.arch: 'amd64', os.version: '10.0', java.version: '11.0.6'
Driver info: org.openqa.selenium.opera.OperaDriver
Capabilities {acceptInsecureCerts: false, acceptSslCerts: false, applicationCacheEnabled: false, browserConnectionEnabled: false, browserName: opera, cssSelectorsEnabled: true, databaseEnabled: false, goog:chromeOptions: {debuggerAddress: localhost:55243}, handlesAlerts: true, hasTouchScreen: false, javascriptEnabled: true, locationContextEnabled: true, mobileEmulationEnabled: false, nativeEvents: true, networkConnectionEnabled: false, opera: {operadriverVersion: 83.0.4103.97 (326d148b96553..., userDataDir: C:\Users\wasia\AppData\Loca...}, pageLoadStrategy: normal, platform: WINDOWS, platformName: WINDOWS, proxy: Proxy(), rotatable: false, setWindowRect: true, strictFileInteractability: false, takesHeapSnapshot: true, takesScreenshot: true, timeouts: {implicit: 0, pageLoad: 300000, script: 30000}, unexpectedAlertBehaviour: ignore, unhandledPromptBehavior: ignore, version: 83.0.4103.116, webStorageEnabled: true, webauthn:virtualAuthenticators: true}
Session ID: 60a163f3afbec1caa0d874cd2af6199e
*** Element info: {Using=xpath, value=//i[@title='usuĹ„ przedmiot']}
	at project_22_07_2020.shopTests.ShopifyTest.allegroFirstTest(ShopifyTest.java:34)
</failure>
    <system-out><![CDATA[Page 2 Strzała aluminiowa 30" czarna
Page 4 Strzała aluminiowa 30" czarna
]]></system-out>
    <system-err><![CDATA[Starting OperaDriver 83.0.4103.97 (326d148b9655369b86498d9ecca39f63dd2bdd2d-refs/branch-heads/4103@{#657}) on port 17793
Only local connections are allowed.
Please see https://chromedriver.chromium.org/security-considerations for suggestions on keeping OperaDriver safe.
OperaDriver was started successfully.
lip 22, 2020 3:40:08 PM org.openqa.selenium.remote.ProtocolHandshake createSession
INFO: Detected dialect: OSS
]]></system-err>
  </testcase>
  <testcase name="allegroFirstTest" classname="project_22_07_2020.shopTests.ShopifyTest" time="37.032">
    <failure message="Expected condition failed: waiting for visibility of Proxy element for: DefaultElementLocator &apos;By.xpath: //i[@title=&apos;usuĹ„ przedmiot&apos;]&apos; (tried for 20 second(s) with 500 milliseconds interval)" type="org.openqa.selenium.TimeoutException">org.openqa.selenium.TimeoutException: Expected condition failed: waiting for visibility of Proxy element for: DefaultElementLocator 'By.xpath: //i[@title='usuĹ„ przedmiot']' (tried for 20 second(s) with 500 milliseconds interval)
	at project_22_07_2020.shopTests.ShopifyTest.allegroFirstTest(ShopifyTest.java:34)
Caused by: org.openqa.selenium.NoSuchElementException: 
no such element: Unable to locate element: {"method":"xpath","selector":"//i[@title='usuĹ„ przedmiot']"}
  (Session info: chrome=83.0.4103.116)
  (Driver info: operadriver=83.0.4103.97 (326d148b9655369b86498d9ecca39f63dd2bdd2d-refs/branch-heads/4103@{#657}),platform=Windows NT 10.0.18362 x86_64) (WARNING: The server did not provide any stacktrace information)
Command duration or timeout: 0 milliseconds
For documentation on this error, please visit: https://www.seleniumhq.org/exceptions/no_such_element.html
Build info: version: '3.141.59', revision: 'e82be7d358', time: '2018-11-14T08:17:03'
System info: host: 'DESKTOP-MJLJMNA', ip: '192.168.0.179', os.name: 'Windows 10', os.arch: 'amd64', os.version: '10.0', java.version: '11.0.6'
Driver info: org.openqa.selenium.opera.OperaDriver
Capabilities {acceptInsecureCerts: false, acceptSslCerts: false, applicationCacheEnabled: false, browserConnectionEnabled: false, browserName: opera, cssSelectorsEnabled: true, databaseEnabled: false, goog:chromeOptions: {debuggerAddress: localhost:55320}, handlesAlerts: true, hasTouchScreen: false, javascriptEnabled: true, locationContextEnabled: true, mobileEmulationEnabled: false, nativeEvents: true, networkConnectionEnabled: false, opera: {operadriverVersion: 83.0.4103.97 (326d148b96553..., userDataDir: C:\Users\wasia\AppData\Loca...}, pageLoadStrategy: normal, platform: WINDOWS, platformName: WINDOWS, proxy: Proxy(), rotatable: false, setWindowRect: true, strictFileInteractability: false, takesHeapSnapshot: true, takesScreenshot: true, timeouts: {implicit: 0, pageLoad: 300000, script: 30000}, unexpectedAlertBehaviour: ignore, unhandledPromptBehavior: ignore, version: 83.0.4103.116, webStorageEnabled: true, webauthn:virtualAuthenticators: true}
Session ID: 727832308f994b377ad907ff9466c5e8
*** Element info: {Using=xpath, value=//i[@title='usuĹ„ przedmiot']}
	at project_22_07_2020.shopTests.ShopifyTest.allegroFirstTest(ShopifyTest.java:34)
</failure>
    <system-out><![CDATA[Page 2 LEGO Duplo, Klocki plastikowe Pociąg
Page 4 LEGO Duplo, Klocki plastikowe Pociąg
]]></system-out>
    <system-err><![CDATA[Starting OperaDriver 83.0.4103.97 (326d148b9655369b86498d9ecca39f63dd2bdd2d-refs/branch-heads/4103@{#657}) on port 10483
Only local connections are allowed.
Please see https://chromedriver.chromium.org/security-considerations for suggestions on keeping OperaDriver safe.
OperaDriver was started successfully.
lip 22, 2020 3:40:48 PM org.openqa.selenium.remote.ProtocolHandshake createSession
INFO: Detected dialect: OSS
]]></system-err>
  </testcase>
  <testcase name="allegroFirstTest" classname="project_22_07_2020.shopTests.ShopifyTest" time="39.273">
    <failure message="Expected condition failed: waiting for visibility of Proxy element for: DefaultElementLocator &apos;By.xpath: //i[@title=&apos;usuĹ„ przedmiot&apos;]&apos; (tried for 20 second(s) with 500 milliseconds interval)" type="org.openqa.selenium.TimeoutException">org.openqa.selenium.TimeoutException: Expected condition failed: waiting for visibility of Proxy element for: DefaultElementLocator 'By.xpath: //i[@title='usuĹ„ przedmiot']' (tried for 20 second(s) with 500 milliseconds interval)
	at project_22_07_2020.shopTests.ShopifyTest.allegroFirstTest(ShopifyTest.java:34)
Caused by: org.openqa.selenium.NoSuchElementException: 
no such element: Unable to locate element: {"method":"xpath","selector":"//i[@title='usuĹ„ przedmiot']"}
  (Session info: chrome=81.0.4044.113)
For documentation on this error, please visit: https://www.seleniumhq.org/exceptions/no_such_element.html
Build info: version: '3.141.59', revision: 'e82be7d358', time: '2018-11-14T08:17:03'
System info: host: 'DESKTOP-MJLJMNA', ip: '192.168.0.179', os.name: 'Windows 10', os.arch: 'amd64', os.version: '10.0', java.version: '11.0.6'
Driver info: org.openqa.selenium.chrome.ChromeDriver
Capabilities {acceptInsecureCerts: false, browserName: chrome, browserVersion: 81.0.4044.113, chrome: {chromedriverVersion: 81.0.4044.138 (8c6c7ba89cc9..., userDataDir: C:\Users\wasia\AppData\Loca...}, goog:chromeOptions: {debuggerAddress: localhost:55419}, javascriptEnabled: true, networkConnectionEnabled: false, pageLoadStrategy: normal, platform: WINDOWS, platformName: WINDOWS, proxy: Proxy(), setWindowRect: true, strictFileInteractability: false, timeouts: {implicit: 0, pageLoad: 300000, script: 30000}, unhandledPromptBehavior: dismiss and notify, webauthn:virtualAuthenticators: true}
Session ID: 72af5e898129f01ec54e61d6d32fdda9
*** Element info: {Using=xpath, value=//i[@title='usuĹ„ przedmiot']}
	at project_22_07_2020.shopTests.ShopifyTest.allegroFirstTest(ShopifyTest.java:34)
</failure>
    <system-out><![CDATA[Page 2 Kalosze Dunlop Ocieplane
Page 4 Kalosze Dunlop Ocieplane
]]></system-out>
    <system-err><![CDATA[Starting ChromeDriver 81.0.4044.138 (8c6c7ba89cc9453625af54f11fd83179e23450fa-refs/branch-heads/4044@{#999}) on port 11197
Only local connections are allowed.
Please protect ports used by ChromeDriver and related test frameworks to prevent access by malicious code.
lip 22, 2020 3:41:30 PM org.openqa.selenium.remote.ProtocolHandshake createSession
INFO: Detected dialect: W3C
[1595425293.252][SEVERE]: Timed out receiving message from renderer: 0.100
[1595425293.374][SEVERE]: Timed out receiving message from renderer: 0.100
[1595425293.537][SEVERE]: Timed out receiving message from renderer: 0.100
[1595425294.216][SEVERE]: Timed out receiving message from renderer: 0.100
[1595425294.963][SEVERE]: Timed out receiving message from renderer: 0.100
Cleaning up unclosed ZipFile for archive C:\Users\wasia\Desktop\22.07.2020\src\main\resources\excell-data.xlsx
[1595425301.209][SEVERE]: Timed out receiving message from renderer: 0.100
[1595425301.548][SEVERE]: Timed out receiving message from renderer: 0.100
[1595425302.141][SEVERE]: Timed out receiving message from renderer: 0.100
[1595425306.341][SEVERE]: Timed out receiving message from renderer: 0.100
[1595425306.590][SEVERE]: Timed out receiving message from renderer: 0.100
[1595425306.794][SEVERE]: Timed out receiving message from renderer: 0.100
]]></system-err>
  </testcase>
  <testcase name="allegroFirstTest" classname="project_22_07_2020.shopTests.ShopifyTest" time="36.806">
    <failure message="Expected condition failed: waiting for visibility of Proxy element for: DefaultElementLocator &apos;By.xpath: //i[@title=&apos;usuĹ„ przedmiot&apos;]&apos; (tried for 20 second(s) with 500 milliseconds interval)" type="org.openqa.selenium.TimeoutException">org.openqa.selenium.TimeoutException: Expected condition failed: waiting for visibility of Proxy element for: DefaultElementLocator 'By.xpath: //i[@title='usuĹ„ przedmiot']' (tried for 20 second(s) with 500 milliseconds interval)
	at project_22_07_2020.shopTests.ShopifyTest.allegroFirstTest(ShopifyTest.java:34)
Caused by: org.openqa.selenium.NoSuchElementException: 
no such element: Unable to locate element: {"method":"xpath","selector":"//i[@title='usuĹ„ przedmiot']"}
  (Session info: chrome=81.0.4044.113)
For documentation on this error, please visit: https://www.seleniumhq.org/exceptions/no_such_element.html
Build info: version: '3.141.59', revision: 'e82be7d358', time: '2018-11-14T08:17:03'
System info: host: 'DESKTOP-MJLJMNA', ip: '192.168.0.179', os.name: 'Windows 10', os.arch: 'amd64', os.version: '10.0', java.version: '11.0.6'
Driver info: org.openqa.selenium.chrome.ChromeDriver
Capabilities {acceptInsecureCerts: false, browserName: chrome, browserVersion: 81.0.4044.113, chrome: {chromedriverVersion: 81.0.4044.138 (8c6c7ba89cc9..., userDataDir: C:\Users\wasia\AppData\Loca...}, goog:chromeOptions: {debuggerAddress: localhost:55489}, javascriptEnabled: true, networkConnectionEnabled: false, pageLoadStrategy: normal, platform: WINDOWS, platformName: WINDOWS, proxy: Proxy(), setWindowRect: true, strictFileInteractability: false, timeouts: {implicit: 0, pageLoad: 300000, script: 30000}, unhandledPromptBehavior: dismiss and notify, webauthn:virtualAuthenticators: true}
Session ID: aa299c4674b2f41705073915d787abb6
*** Element info: {Using=xpath, value=//i[@title='usuĹ„ przedmiot']}
	at project_22_07_2020.shopTests.ShopifyTest.allegroFirstTest(ShopifyTest.java:34)
</failure>
    <system-out><![CDATA[Page 2 L - KOSZULA MĘSKA_KM 331
Page 4 L - KOSZULA MĘSKA_KM 331
]]></system-out>
    <system-err><![CDATA[Starting ChromeDriver 81.0.4044.138 (8c6c7ba89cc9453625af54f11fd83179e23450fa-refs/branch-heads/4044@{#999}) on port 5246
Only local connections are allowed.
Please protect ports used by ChromeDriver and related test frameworks to prevent access by malicious code.
lip 22, 2020 3:42:16 PM org.openqa.selenium.remote.ProtocolHandshake createSession
INFO: Detected dialect: W3C
[1595425339.181][SEVERE]: Timed out receiving message from renderer: 0.100
[1595425339.297][SEVERE]: Timed out receiving message from renderer: 0.100
[1595425339.962][SEVERE]: Timed out receiving message from renderer: 0.100
[1595425340.449][SEVERE]: Timed out receiving message from renderer: 0.100
[1595425340.884][SEVERE]: Timed out receiving message from renderer: 0.100
[1595425341.360][SEVERE]: Timed out receiving message from renderer: 0.100
[1595425345.376][SEVERE]: Timed out receiving message from renderer: 0.100
[1595425345.552][SEVERE]: Timed out receiving message from renderer: 0.100
[1595425345.976][SEVERE]: Timed out receiving message from renderer: 0.100
[1595425349.554][SEVERE]: Timed out receiving message from renderer: 0.100
[1595425349.811][SEVERE]: Timed out receiving message from renderer: 0.100
[1595425350.094][SEVERE]: Timed out receiving message from renderer: 0.100
[1595425353.199][SEVERE]: Timed out receiving message from renderer: 0.100
]]></system-err>
  </testcase>
  <testcase name="allegroFirstTest" classname="project_22_07_2020.shopTests.ShopifyTest" time="36.701">
    <failure message="Expected condition failed: waiting for visibility of Proxy element for: DefaultElementLocator &apos;By.xpath: //i[@title=&apos;usuĹ„ przedmiot&apos;]&apos; (tried for 20 second(s) with 500 milliseconds interval)" type="org.openqa.selenium.TimeoutException">org.openqa.selenium.TimeoutException: Expected condition failed: waiting for visibility of Proxy element for: DefaultElementLocator 'By.xpath: //i[@title='usuĹ„ przedmiot']' (tried for 20 second(s) with 500 milliseconds interval)
	at project_22_07_2020.shopTests.ShopifyTest.allegroFirstTest(ShopifyTest.java:34)
Caused by: org.openqa.selenium.NoSuchElementException: 
no such element: Unable to locate element: {"method":"xpath","selector":"//i[@title='usuĹ„ przedmiot']"}
  (Session info: chrome=81.0.4044.113)
For documentation on this error, please visit: https://www.seleniumhq.org/exceptions/no_such_element.html
Build info: version: '3.141.59', revision: 'e82be7d358', time: '2018-11-14T08:17:03'
System info: host: 'DESKTOP-MJLJMNA', ip: '192.168.0.179', os.name: 'Windows 10', os.arch: 'amd64', os.version: '10.0', java.version: '11.0.6'
Driver info: org.openqa.selenium.chrome.ChromeDriver
Capabilities {acceptInsecureCerts: false, browserName: chrome, browserVersion: 81.0.4044.113, chrome: {chromedriverVersion: 81.0.4044.138 (8c6c7ba89cc9..., userDataDir: C:\Users\wasia\AppData\Loca...}, goog:chromeOptions: {debuggerAddress: localhost:55580}, javascriptEnabled: true, networkConnectionEnabled: false, pageLoadStrategy: normal, platform: WINDOWS, platformName: WINDOWS, proxy: Proxy(), setWindowRect: true, strictFileInteractability: false, timeouts: {implicit: 0, pageLoad: 300000, script: 30000}, unhandledPromptBehavior: dismiss and notify, webauthn:virtualAuthenticators: true}
Session ID: 1fc241f9e51149b4569ddb6e5d2d3d97
*** Element info: {Using=xpath, value=//i[@title='usuĹ„ przedmiot']}
	at project_22_07_2020.shopTests.ShopifyTest.allegroFirstTest(ShopifyTest.java:34)
</failure>
    <system-out><![CDATA[Page 2 Strzała aluminiowa 30" czarna
Page 4 Strzała aluminiowa 30" czarna
]]></system-out>
    <system-err><![CDATA[Starting ChromeDriver 81.0.4044.138 (8c6c7ba89cc9453625af54f11fd83179e23450fa-refs/branch-heads/4044@{#999}) on port 12759
Only local connections are allowed.
Please protect ports used by ChromeDriver and related test frameworks to prevent access by malicious code.
lip 22, 2020 3:42:59 PM org.openqa.selenium.remote.ProtocolHandshake createSession
INFO: Detected dialect: W3C
[1595425382.974][SEVERE]: Timed out receiving message from renderer: 0.100
[1595425383.090][SEVERE]: Timed out receiving message from renderer: 0.100
[1595425383.204][SEVERE]: Timed out receiving message from renderer: 0.100
[1595425383.875][SEVERE]: Timed out receiving message from renderer: 0.100
[1595425384.560][SEVERE]: Timed out receiving message from renderer: 0.100
[1595425384.874][SEVERE]: Timed out receiving message from renderer: 0.100
[1595425389.619][SEVERE]: Timed out receiving message from renderer: 0.100
[1595425389.783][SEVERE]: Timed out receiving message from renderer: 0.100
[1595425390.253][SEVERE]: Timed out receiving message from renderer: 0.100
[1595425393.624][SEVERE]: Timed out receiving message from renderer: 0.100
[1595425393.846][SEVERE]: Timed out receiving message from renderer: 0.100
]]></system-err>
  </testcase>
  <testcase name="allegroFirstTest" classname="project_22_07_2020.shopTests.ShopifyTest" time="41.258">
    <failure message="chrome not reachable&#10;  (Session info: chrome=81.0.4044.113)&#10;Build info: version: &apos;3.141.59&apos;, revision: &apos;e82be7d358&apos;, time: &apos;2018-11-14T08:17:03&apos;&#10;System info: host: &apos;DESKTOP-MJLJMNA&apos;, ip: &apos;192.168.0.179&apos;, os.name: &apos;Windows 10&apos;, os.arch: &apos;amd64&apos;, os.version: &apos;10.0&apos;, java.version: &apos;11.0.6&apos;&#10;Driver info: org.openqa.selenium.chrome.ChromeDriver&#10;Capabilities {acceptInsecureCerts: false, browserName: chrome, browserVersion: 81.0.4044.113, chrome: {chromedriverVersion: 81.0.4044.138 (8c6c7ba89cc9..., userDataDir: C:\Users\wasia\AppData\Loca...}, goog:chromeOptions: {debuggerAddress: localhost:55671}, javascriptEnabled: true, networkConnectionEnabled: false, pageLoadStrategy: normal, platform: WINDOWS, platformName: WINDOWS, proxy: Proxy(), setWindowRect: true, strictFileInteractability: false, timeouts: {implicit: 0, pageLoad: 300000, script: 30000}, unhandledPromptBehavior: dismiss and notify, webauthn:virtualAuthenticators: true}&#10;Session ID: 9e98462a31a03eeb15dbb35cb392086c&#10;*** Element info: {Using=xpath, value=//i[@title=&apos;usuĹ„ przedmiot&apos;]}" type="org.openqa.selenium.WebDriverException">org.openqa.selenium.WebDriverException: 
chrome not reachable
  (Session info: chrome=81.0.4044.113)
Build info: version: '3.141.59', revision: 'e82be7d358', time: '2018-11-14T08:17:03'
System info: host: 'DESKTOP-MJLJMNA', ip: '192.168.0.179', os.name: 'Windows 10', os.arch: 'amd64', os.version: '10.0', java.version: '11.0.6'
Driver info: org.openqa.selenium.chrome.ChromeDriver
Capabilities {acceptInsecureCerts: false, browserName: chrome, browserVersion: 81.0.4044.113, chrome: {chromedriverVersion: 81.0.4044.138 (8c6c7ba89cc9..., userDataDir: C:\Users\wasia\AppData\Loca...}, goog:chromeOptions: {debuggerAddress: localhost:55671}, javascriptEnabled: true, networkConnectionEnabled: false, pageLoadStrategy: normal, platform: WINDOWS, platformName: WINDOWS, proxy: Proxy(), setWindowRect: true, strictFileInteractability: false, timeouts: {implicit: 0, pageLoad: 300000, script: 30000}, unhandledPromptBehavior: dismiss and notify, webauthn:virtualAuthenticators: true}
Session ID: 9e98462a31a03eeb15dbb35cb392086c
*** Element info: {Using=xpath, value=//i[@title='usuĹ„ przedmiot']}
	at project_22_07_2020.shopTests.ShopifyTest.allegroFirstTest(ShopifyTest.java:34)
</failure>
    <system-out><![CDATA[Page 2 LEGO Duplo, Klocki plastikowe Pociąg
Page 4 LEGO Duplo, Klocki plastikowe Pociąg
]]></system-out>
    <system-err><![CDATA[Starting ChromeDriver 81.0.4044.138 (8c6c7ba89cc9453625af54f11fd83179e23450fa-refs/branch-heads/4044@{#999}) on port 45428
Only local connections are allowed.
Please protect ports used by ChromeDriver and related test frameworks to prevent access by malicious code.
lip 22, 2020 3:43:42 PM org.openqa.selenium.remote.ProtocolHandshake createSession
INFO: Detected dialect: W3C
[1595425425.639][SEVERE]: Timed out receiving message from renderer: 0.100
[1595425425.769][SEVERE]: Timed out receiving message from renderer: 0.100
[1595425425.905][SEVERE]: Timed out receiving message from renderer: 0.100
[1595425426.550][SEVERE]: Timed out receiving message from renderer: 0.100
[1595425427.335][SEVERE]: Timed out receiving message from renderer: 0.100
[1595425432.461][SEVERE]: Timed out receiving message from renderer: 0.100
[1595425432.824][SEVERE]: Timed out receiving message from renderer: 0.100
[1595425435.911][SEVERE]: Timed out receiving message from renderer: 0.100
[1595425436.255][SEVERE]: Timed out receiving message from renderer: 0.100
[1595425439.585][SEVERE]: Timed out receiving message from renderer: 0.100
[1595425439.820][SEVERE]: Timed out receiving message from renderer: 0.100
[1595425458.351][WARNING]: Timed out connecting to Chrome, retrying...
]]></system-err>
  </testcase>
</testsuite>